<?xml version="1.0" encoding="UTF-8"?>
<testsuite xmlns:xsi="http://www.w3.org/2001/XMLSchema-instance" xsi:noNamespaceSchemaLocation="https://maven.apache.org/surefire/maven-surefire-plugin/xsd/surefire-test-report-3.0.xsd" version="3.0" name="com.praktikum.whitebox.util.ValidationUtilsTest" time="0.066" tests="9" errors="0" skipped="0" failures="0">
  <properties>
[...]
</properties>
  <testcase name="testIsValidKategori" classname="com.praktikum.whitebox.util.ValidationUtilsTest" time="0.003"/>
  <testcase name="testIsValidProduk" classname="com.praktikum.whitebox.util.ValidationUtilsTest" time="0.004"/>
  <testcase name="testIsValidHarga" classname="com.praktikum.whitebox.util.ValidationUtilsTest" time="0.003"/>
  <testcase name="testIsValidStok" classname="com.praktikum.whitebox.util.ValidationUtilsTest" time="0.003"/>
  <testcase name="testIsValidNama_Invalid" classname="com.praktikum.whitebox.util.ValidationUtilsTest" time="0.003"/>
  <testcase name="testIsValidKodeProduk_Valid" classname="com.praktikum.whitebox.util.ValidationUtilsTest" time="0.004"/>
  <testcase name="testIsValidKodeProduk_Invalid" classname="com.praktikum.whitebox.util.ValidationUtilsTest" time="0.005"/>
  <testcase name="testIsValidNama_ValidDanBoundary" classname="com.praktikum.whitebox.util.ValidationUtilsTest" time="0.005"/>
  <testcase name="testIsValidLainnya" classname="com.praktikum.whitebox.util.ValidationUtilsTest" time="0.003"/>
</testsuite>