<?xml version="1.0" encoding="UTF-8"?>
<testsuite xmlns:xsi="http://www.w3.org/2001/XMLSchema-instance" xsi:noNamespaceSchemaLocation="https://maven.apache.org/surefire/maven-surefire-plugin/xsd/surefire-test-report-3.0.xsd" version="3.0" name="com.praktikum.whitebox.service.ServiceInventarisTest" time="5.223" tests="22" errors="0" skipped="0" failures="0">
  <properties>
[...]
</properties>
  <testcase name="testHapusProdukGagalTidakDitemukan" classname="com.praktikum.whitebox.service.ServiceInventarisTest" time="4.662">
    <system-err><![CDATA[Mockito is currently self-attaching to enable the inline-mock-maker. This will no longer work in future releases of the JDK. Please add Mockito as an agent to your build as described in Mockito's documentation: https://javadoc.io/doc/org.mockito/mockito-core/latest/org.mockito/org/mockito/Mockito.html#0.3
WARNING: A Java agent has been loaded dynamically (C:\Users\HP\.m2\repository\net\bytebuddy\byte-buddy-agent\1.17.6\byte-buddy-agent-1.17.6.jar)
WARNING: If a serviceability tool is in use, please run with -XX:+EnableDynamicAgentLoading to hide this warning
WARNING: If a serviceability tool is not in use, please run with -Djdk.instrument.traceUsage for more information
WARNING: Dynamic loading of agents will be disallowed by default in a future release
]]></system-err>
  </testcase>
  <testcase name="testKeluarStokGagalStokTidakMencukupi" classname="com.praktikum.whitebox.service.ServiceInventarisTest" time="0.022"/>
  <testcase name="testHapusProdukBerhasil" classname="com.praktikum.whitebox.service.ServiceInventarisTest" time="0.018"/>
  <testcase name="testUpdateStok" classname="com.praktikum.whitebox.service.ServiceInventarisTest" time="0.034"/>
  <testcase name="testGetProdukStokHabis" classname="com.praktikum.whitebox.service.ServiceInventarisTest" time="0.018"/>
  <testcase name="testKeluarStokGagalProdukTidakDitemukanAtauTidakAktif" classname="com.praktikum.whitebox.service.ServiceInventarisTest" time="0.014"/>
  <testcase name="testKeluarStokBerhasil" classname="com.praktikum.whitebox.service.ServiceInventarisTest" time="0.013"/>
  <testcase name="testKeluarStokGagalJumlahInvalid" classname="com.praktikum.whitebox.service.ServiceInventarisTest" time="0.007"/>
  <testcase name="testHapusProdukGagalKodeInvalid" classname="com.praktikum.whitebox.service.ServiceInventarisTest" time="0.012"/>
  <testcase name="testHitungTotalNilaiInventaris" classname="com.praktikum.whitebox.service.ServiceInventarisTest" time="0.041"/>
  <testcase name="testGetSemuaProduk" classname="com.praktikum.whitebox.service.ServiceInventarisTest" time="0.013"/>
  <testcase name="testCariProdukByKode" classname="com.praktikum.whitebox.service.ServiceInventarisTest" time="0.017"/>
  <testcase name="testCariProdukByNama" classname="com.praktikum.whitebox.service.ServiceInventarisTest" time="0.012"/>
  <testcase name="testTambahProdukGagalSudahAda" classname="com.praktikum.whitebox.service.ServiceInventarisTest" time="0.021"/>
  <testcase name="testTambahProdukGagalTidakValid" classname="com.praktikum.whitebox.service.ServiceInventarisTest" time="0.01"/>
  <testcase name="testHapusProdukGagalStokMasihAda" classname="com.praktikum.whitebox.service.ServiceInventarisTest" time="0.01"/>
  <testcase name="testMasukStok" classname="com.praktikum.whitebox.service.ServiceInventarisTest" time="0.01"/>
  <testcase name="testGetProdukAktif" classname="com.praktikum.whitebox.service.ServiceInventarisTest" time="0.017"/>
  <testcase name="testHitungTotalStok" classname="com.praktikum.whitebox.service.ServiceInventarisTest" time="0.014"/>
  <testcase name="testGetProdukStokMenipis" classname="com.praktikum.whitebox.service.ServiceInventarisTest" time="0.016"/>
  <testcase name="testTambahProdukBerhasil" classname="com.praktikum.whitebox.service.ServiceInventarisTest" time="0.014"/>
  <testcase name="testCariProdukByKategori" classname="com.praktikum.whitebox.service.ServiceInventarisTest" time="0.021"/>
</testsuite>